<?xml version="1.0" encoding="UTF-8"?>
<testsuite name="com.universidad.eventos.InMemoryEventoRepositoryTest" tests="2" skipped="0" failures="0" errors="0" timestamp="2026-02-27T20:17:52.481Z" hostname="DESKTOP-RPPIPOB" time="0.009">
  <properties/>
  <testcase name="inscribir_debeAgregarParticipante()" classname="com.universidad.eventos.InMemoryEventoRepositoryTest" time="0.003"/>
  <testcase name="cancelar_debeLiberarCupo()" classname="com.universidad.eventos.InMemoryEventoRepositoryTest" time="0.002"/>
  <system-out><![CDATA[]]></system-out>
  <system-err><![CDATA[]]></system-err>
</testsuite>
