<?xml version="1.0" encoding="UTF-8"?>
<testsuite name="com.universidad.eventos.EventoTest" tests="3" skipped="0" failures="0" errors="0" timestamp="2026-02-27T06:12:56.799Z" hostname="DESKTOP-RPPIPOB" time="0.011">
  <properties/>
  <testcase name="crearEvento_debeGuardarNombreYCupo()" classname="com.universidad.eventos.EventoTest" time="0.005"/>
  <testcase name="disminuirCupo_noDebePermitirNegativos()" classname="com.universidad.eventos.EventoTest" time="0.002"/>
  <testcase name="disminuirCupo_debeReducirDisponibles()" classname="com.universidad.eventos.EventoTest" time="0.001"/>
  <system-out><![CDATA[]]></system-out>
  <system-err><![CDATA[]]></system-err>
</testsuite>
