<?xml version="1.0" encoding="UTF-8"?>
<testsuite name="com.universidad.eventos.EventoServiceTest" tests="4" skipped="0" failures="0" errors="0" timestamp="2026-02-27T20:17:52.352Z" hostname="DESKTOP-RPPIPOB" time="0.106">
  <properties/>
  <testcase name="registrarParticipante_noDebeRegistrarSiNoHayCupos()" classname="com.universidad.eventos.EventoServiceTest" time="0.044"/>
  <testcase name="registrarParticipante_debeRegistrarSiHayCupos()" classname="com.universidad.eventos.EventoServiceTest" time="0.004"/>
  <testcase name="listarInscritos_debeRetornarListaCorrecta()" classname="com.universidad.eventos.EventoServiceTest" time="0.003"/>
  <testcase name="cancelarInscripcion_debeLiberarCupo()" classname="com.universidad.eventos.EventoServiceTest" time="0.002"/>
  <system-out><![CDATA[]]></system-out>
  <system-err><![CDATA[]]></system-err>
</testsuite>
